  Arbol.cpp
C:\Users\nombr\OneDrive\Documentos\code\tarea\MiguelGabrielEDD\EstudiantesUnimarMG\EstudiantesUnimarMG\Listas.h(13,14): error C2143: syntax error: missing ';' before '*'
  (compiling source file 'Arbol.cpp')
  
C:\Users\nombr\OneDrive\Documentos\code\tarea\MiguelGabrielEDD\EstudiantesUnimarMG\EstudiantesUnimarMG\Listas.h(13,4): error C4430: missing type specifier - int assumed. Note: C++ does not support default-int
  (compiling source file 'Arbol.cpp')
  
C:\Users\nombr\OneDrive\Documentos\code\tarea\MiguelGabrielEDD\EstudiantesUnimarMG\EstudiantesUnimarMG\Listas.h(13,22): error C2238: unexpected token(s) preceding ';'
  (compiling source file 'Arbol.cpp')
  
C:\Users\nombr\OneDrive\Documentos\code\tarea\MiguelGabrielEDD\EstudiantesUnimarMG\EstudiantesUnimarMG\Listas.h(15,18): error C2061: syntax error: identifier 'NodoSimple'
  (compiling source file 'Arbol.cpp')
  
C:\Users\nombr\OneDrive\Documentos\code\tarea\MiguelGabrielEDD\EstudiantesUnimarMG\EstudiantesUnimarMG\Listas.h(25,13): error C2143: syntax error: missing ';' before '*'
  (compiling source file 'Arbol.cpp')
  
C:\Users\nombr\OneDrive\Documentos\code\tarea\MiguelGabrielEDD\EstudiantesUnimarMG\EstudiantesUnimarMG\Listas.h(25,4): error C4430: missing type specifier - int assumed. Note: C++ does not support default-int
  (compiling source file 'Arbol.cpp')
  
C:\Users\nombr\OneDrive\Documentos\code\tarea\MiguelGabrielEDD\EstudiantesUnimarMG\EstudiantesUnimarMG\Listas.h(25,21): error C2238: unexpected token(s) preceding ';'
  (compiling source file 'Arbol.cpp')
  
C:\Users\nombr\OneDrive\Documentos\code\tarea\MiguelGabrielEDD\EstudiantesUnimarMG\EstudiantesUnimarMG\Listas.h(26,13): error C2143: syntax error: missing ';' before '*'
  (compiling source file 'Arbol.cpp')
  
C:\Users\nombr\OneDrive\Documentos\code\tarea\MiguelGabrielEDD\EstudiantesUnimarMG\EstudiantesUnimarMG\Listas.h(26,4): error C4430: missing type specifier - int assumed. Note: C++ does not support default-int
  (compiling source file 'Arbol.cpp')
  
C:\Users\nombr\OneDrive\Documentos\code\tarea\MiguelGabrielEDD\EstudiantesUnimarMG\EstudiantesUnimarMG\Listas.h(26,19): error C2238: unexpected token(s) preceding ';'
  (compiling source file 'Arbol.cpp')
  
C:\Users\nombr\OneDrive\Documentos\code\tarea\MiguelGabrielEDD\EstudiantesUnimarMG\EstudiantesUnimarMG\Listas.h(28,18): error C2061: syntax error: identifier 'NodoDoble'
  (compiling source file 'Arbol.cpp')
  
  Estudiante.cpp
C:\Users\nombr\OneDrive\Documentos\code\tarea\MiguelGabrielEDD\EstudiantesUnimarMG\EstudiantesUnimarMG\Materia.h(6,17): error C2871: 'EstudiantesUnimarMG': a namespace with this name does not exist
  (compiling source file 'Estudiante.cpp')
  
C:\Users\nombr\OneDrive\Documentos\code\tarea\MiguelGabrielEDD\EstudiantesUnimarMG\EstudiantesUnimarMG\Materia.h(6,17): error C2065: 'EstudiantesUnimarMG': undeclared identifier
  (compiling source file 'Estudiante.cpp')
  
C:\Users\nombr\OneDrive\Documentos\code\tarea\MiguelGabrielEDD\EstudiantesUnimarMG\EstudiantesUnimarMG\Materia.h(14,15): error C3646: 'notas': unknown override specifier
  (compiling source file 'Estudiante.cpp')
  
C:\Users\nombr\OneDrive\Documentos\code\tarea\MiguelGabrielEDD\EstudiantesUnimarMG\EstudiantesUnimarMG\Materia.h(14,3): error C4430: missing type specifier - int assumed. Note: C++ does not support default-int
  (compiling source file 'Estudiante.cpp')
  
C:\Users\nombr\OneDrive\Documentos\code\tarea\MiguelGabrielEDD\EstudiantesUnimarMG\EstudiantesUnimarMG\Nodos.h(37,14): error C2143: syntax error: missing ';' before '*'
  (compiling source file 'Estudiante.cpp')
  
C:\Users\nombr\OneDrive\Documentos\code\tarea\MiguelGabrielEDD\EstudiantesUnimarMG\EstudiantesUnimarMG\Nodos.h(37,4): error C4430: missing type specifier - int assumed. Note: C++ does not support default-int
  (compiling source file 'Estudiante.cpp')
  
C:\Users\nombr\OneDrive\Documentos\code\tarea\MiguelGabrielEDD\EstudiantesUnimarMG\EstudiantesUnimarMG\Nodos.h(37,26): error C2238: unexpected token(s) preceding ';'
  (compiling source file 'Estudiante.cpp')
  
C:\Users\nombr\OneDrive\Documentos\code\tarea\MiguelGabrielEDD\EstudiantesUnimarMG\EstudiantesUnimarMG\Nodos.h(38,14): error C2061: syntax error: identifier 'Estudiante'
  (compiling source file 'Estudiante.cpp')
  
  EstudiantesUnimarMG.cpp
C:\Users\nombr\OneDrive\Documentos\code\tarea\MiguelGabrielEDD\EstudiantesUnimarMG\EstudiantesUnimarMG\Estudiante.h(20,15): error C3646: 'materias': unknown override specifier
  (compiling source file 'EstudiantesUnimarMG.cpp')
  
C:\Users\nombr\OneDrive\Documentos\code\tarea\MiguelGabrielEDD\EstudiantesUnimarMG\EstudiantesUnimarMG\Estudiante.h(20,4): error C4430: missing type specifier - int assumed. Note: C++ does not support default-int
  (compiling source file 'EstudiantesUnimarMG.cpp')
  
C:\Users\nombr\OneDrive\Documentos\code\tarea\MiguelGabrielEDD\EstudiantesUnimarMG\EstudiantesUnimarMG\Estudiante.h(22,73): error C2061: syntax error: identifier 'ListaDoble'
  (compiling source file 'EstudiantesUnimarMG.cpp')
  
C:\Users\nombr\OneDrive\Documentos\code\tarea\MiguelGabrielEDD\EstudiantesUnimarMG\EstudiantesUnimarMG\Materia.h(14,15): error C3646: 'notas': unknown override specifier
  (compiling source file 'EstudiantesUnimarMG.cpp')
  
C:\Users\nombr\OneDrive\Documentos\code\tarea\MiguelGabrielEDD\EstudiantesUnimarMG\EstudiantesUnimarMG\Materia.h(14,3): error C4430: missing type specifier - int assumed. Note: C++ does not support default-int
  (compiling source file 'EstudiantesUnimarMG.cpp')
  
C:\Users\nombr\OneDrive\Documentos\code\tarea\MiguelGabrielEDD\EstudiantesUnimarMG\EstudiantesUnimarMG\EstudiantesUnimarMG.cpp(25,37): error C2661: 'EstudiantesUnimarMG::Estudiante::Estudiante': no overloaded function takes 5 arguments
      C:\Users\nombr\OneDrive\Documentos\code\tarea\MiguelGabrielEDD\EstudiantesUnimarMG\EstudiantesUnimarMG\EstudiantesUnimarMG.cpp(25,37):
      while trying to match the argument list '(const char [7], int, int, const char [4], EstudiantesUnimarMG::ListaDoble)'
  
  Listas.cpp
C:\Users\nombr\OneDrive\Documentos\code\tarea\MiguelGabrielEDD\EstudiantesUnimarMG\EstudiantesUnimarMG\Estudiante.h(20,15): error C3646: 'materias': unknown override specifier
  (compiling source file 'Listas.cpp')
  
C:\Users\nombr\OneDrive\Documentos\code\tarea\MiguelGabrielEDD\EstudiantesUnimarMG\EstudiantesUnimarMG\Estudiante.h(20,4): error C4430: missing type specifier - int assumed. Note: C++ does not support default-int
  (compiling source file 'Listas.cpp')
  
C:\Users\nombr\OneDrive\Documentos\code\tarea\MiguelGabrielEDD\EstudiantesUnimarMG\EstudiantesUnimarMG\Estudiante.h(22,73): error C2061: syntax error: identifier 'ListaDoble'
  (compiling source file 'Listas.cpp')
  
C:\Users\nombr\OneDrive\Documentos\code\tarea\MiguelGabrielEDD\EstudiantesUnimarMG\EstudiantesUnimarMG\Materia.h(14,15): error C3646: 'notas': unknown override specifier
  (compiling source file 'Listas.cpp')
  
C:\Users\nombr\OneDrive\Documentos\code\tarea\MiguelGabrielEDD\EstudiantesUnimarMG\EstudiantesUnimarMG\Materia.h(14,3): error C4430: missing type specifier - int assumed. Note: C++ does not support default-int
  (compiling source file 'Listas.cpp')
  
  Materia.cpp
C:\Users\nombr\OneDrive\Documentos\code\tarea\MiguelGabrielEDD\EstudiantesUnimarMG\EstudiantesUnimarMG\Estudiante.h(20,15): error C3646: 'materias': unknown override specifier
  (compiling source file 'Materia.cpp')
  
C:\Users\nombr\OneDrive\Documentos\code\tarea\MiguelGabrielEDD\EstudiantesUnimarMG\EstudiantesUnimarMG\Estudiante.h(20,4): error C4430: missing type specifier - int assumed. Note: C++ does not support default-int
  (compiling source file 'Materia.cpp')
  
C:\Users\nombr\OneDrive\Documentos\code\tarea\MiguelGabrielEDD\EstudiantesUnimarMG\EstudiantesUnimarMG\Estudiante.h(22,73): error C2061: syntax error: identifier 'ListaDoble'
  (compiling source file 'Materia.cpp')
  
C:\Users\nombr\OneDrive\Documentos\code\tarea\MiguelGabrielEDD\EstudiantesUnimarMG\EstudiantesUnimarMG\Nodos.h(27,11): error C2143: syntax error: missing ';' before '*'
  (compiling source file 'Materia.cpp')
  
C:\Users\nombr\OneDrive\Documentos\code\tarea\MiguelGabrielEDD\EstudiantesUnimarMG\EstudiantesUnimarMG\Nodos.h(27,4): error C4430: missing type specifier - int assumed. Note: C++ does not support default-int
  (compiling source file 'Materia.cpp')
  
C:\Users\nombr\OneDrive\Documentos\code\tarea\MiguelGabrielEDD\EstudiantesUnimarMG\EstudiantesUnimarMG\Nodos.h(27,20): error C2238: unexpected token(s) preceding ';'
  (compiling source file 'Materia.cpp')
  
C:\Users\nombr\OneDrive\Documentos\code\tarea\MiguelGabrielEDD\EstudiantesUnimarMG\EstudiantesUnimarMG\Nodos.h(28,14): error C2061: syntax error: identifier 'Materia'
  (compiling source file 'Materia.cpp')
  
  Nodos.cpp
C:\Users\nombr\OneDrive\Documentos\code\tarea\MiguelGabrielEDD\EstudiantesUnimarMG\EstudiantesUnimarMG\Listas.h(13,14): error C2143: syntax error: missing ';' before '*'
  (compiling source file 'Nodos.cpp')
  
C:\Users\nombr\OneDrive\Documentos\code\tarea\MiguelGabrielEDD\EstudiantesUnimarMG\EstudiantesUnimarMG\Listas.h(13,4): error C4430: missing type specifier - int assumed. Note: C++ does not support default-int
  (compiling source file 'Nodos.cpp')
  
C:\Users\nombr\OneDrive\Documentos\code\tarea\MiguelGabrielEDD\EstudiantesUnimarMG\EstudiantesUnimarMG\Listas.h(13,22): error C2238: unexpected token(s) preceding ';'
  (compiling source file 'Nodos.cpp')
  
C:\Users\nombr\OneDrive\Documentos\code\tarea\MiguelGabrielEDD\EstudiantesUnimarMG\EstudiantesUnimarMG\Listas.h(15,18): error C2061: syntax error: identifier 'NodoSimple'
  (compiling source file 'Nodos.cpp')
  
C:\Users\nombr\OneDrive\Documentos\code\tarea\MiguelGabrielEDD\EstudiantesUnimarMG\EstudiantesUnimarMG\Listas.h(25,13): error C2143: syntax error: missing ';' before '*'
  (compiling source file 'Nodos.cpp')
  
C:\Users\nombr\OneDrive\Documentos\code\tarea\MiguelGabrielEDD\EstudiantesUnimarMG\EstudiantesUnimarMG\Listas.h(25,4): error C4430: missing type specifier - int assumed. Note: C++ does not support default-int
  (compiling source file 'Nodos.cpp')
  
C:\Users\nombr\OneDrive\Documentos\code\tarea\MiguelGabrielEDD\EstudiantesUnimarMG\EstudiantesUnimarMG\Listas.h(25,21): error C2238: unexpected token(s) preceding ';'
  (compiling source file 'Nodos.cpp')
  
C:\Users\nombr\OneDrive\Documentos\code\tarea\MiguelGabrielEDD\EstudiantesUnimarMG\EstudiantesUnimarMG\Listas.h(26,13): error C2143: syntax error: missing ';' before '*'
  (compiling source file 'Nodos.cpp')
  
C:\Users\nombr\OneDrive\Documentos\code\tarea\MiguelGabrielEDD\EstudiantesUnimarMG\EstudiantesUnimarMG\Listas.h(26,4): error C4430: missing type specifier - int assumed. Note: C++ does not support default-int
  (compiling source file 'Nodos.cpp')
  
C:\Users\nombr\OneDrive\Documentos\code\tarea\MiguelGabrielEDD\EstudiantesUnimarMG\EstudiantesUnimarMG\Listas.h(26,19): error C2238: unexpected token(s) preceding ';'
  (compiling source file 'Nodos.cpp')
  
C:\Users\nombr\OneDrive\Documentos\code\tarea\MiguelGabrielEDD\EstudiantesUnimarMG\EstudiantesUnimarMG\Listas.h(28,18): error C2061: syntax error: identifier 'NodoDoble'
  (compiling source file 'Nodos.cpp')
  
  Nota.cpp
  Generating Code...
