c:\users\nombr\onedrive\documentos\code\tarea\miguelgabrieledd\estudiantesunimarmg\estudiantesunimarmg\x64\debug\vc143.pdb
c:\users\nombr\onedrive\documentos\code\tarea\miguelgabrieledd\estudiantesunimarmg\estudiantesunimarmg\x64\debug\vc143.idb
c:\users\gabri\onedrive\escritorio\proyecto edd arboles\miguelgabrieledd\estudiantesunimarmg\estudiantesunimarmg\x64\debug\vc143.pdb
c:\users\gabri\onedrive\escritorio\proyecto edd arboles\miguelgabrieledd\estudiantesunimarmg\estudiantesunimarmg\x64\debug\vc143.idb
c:\users\gabri\onedrive\escritorio\proyecto edd arboles\miguelgabrieledd\estudiantesunimarmg\estudiantesunimarmg\x64\debug\nota.obj
c:\users\gabri\onedrive\escritorio\proyecto edd arboles\miguelgabrieledd\estudiantesunimarmg\estudiantesunimarmg\x64\debug\nodosimple.obj
c:\users\gabri\onedrive\escritorio\proyecto edd arboles\miguelgabrieledd\estudiantesunimarmg\estudiantesunimarmg\x64\debug\nododoble.obj
c:\users\gabri\onedrive\escritorio\proyecto edd arboles\miguelgabrieledd\estudiantesunimarmg\estudiantesunimarmg\x64\debug\nodoarbol.obj
c:\users\gabri\onedrive\escritorio\proyecto edd arboles\miguelgabrieledd\estudiantesunimarmg\estudiantesunimarmg\x64\debug\materia.obj
c:\users\gabri\onedrive\escritorio\proyecto edd arboles\miguelgabrieledd\estudiantesunimarmg\estudiantesunimarmg\x64\debug\listasimple.obj
c:\users\gabri\onedrive\escritorio\proyecto edd arboles\miguelgabrieledd\estudiantesunimarmg\estudiantesunimarmg\x64\debug\listadoble.obj
c:\users\gabri\onedrive\escritorio\proyecto edd arboles\miguelgabrieledd\estudiantesunimarmg\estudiantesunimarmg\x64\debug\estudiantesunimarmg.obj
c:\users\gabri\onedrive\escritorio\proyecto edd arboles\miguelgabrieledd\estudiantesunimarmg\estudiantesunimarmg\x64\debug\estudiante.obj
c:\users\gabri\onedrive\escritorio\proyecto edd arboles\miguelgabrieledd\estudiantesunimarmg\estudiantesunimarmg\x64\debug\arbol.obj
c:\users\gabri\onedrive\escritorio\proyecto edd arboles\miguelgabrieledd\estudiantesunimarmg\x64\debug\estudiantesunimarmg.exe
c:\users\gabri\onedrive\escritorio\proyecto edd arboles\miguelgabrieledd\estudiantesunimarmg\x64\debug\estudiantesunimarmg.pdb
c:\users\gabri\onedrive\escritorio\proyecto edd arboles\miguelgabrieledd\estudiantesunimarmg\estudiantesunimarmg\x64\debug\estudiantesunimarmg.ilk
c:\users\gabri\onedrive\escritorio\proyecto edd arboles\miguelgabrieledd\estudiantesunimarmg\estudiantesunimarmg\x64\debug\estudiantesunimarmg.obj.enc
c:\users\gabri\onedrive\escritorio\proyecto edd arboles\miguelgabrieledd\estudiantesunimarmg\estudiantesunimarmg\x64\debug\estudian.4802871b.tlog\cl.command.1.tlog
c:\users\gabri\onedrive\escritorio\proyecto edd arboles\miguelgabrieledd\estudiantesunimarmg\estudiantesunimarmg\x64\debug\estudian.4802871b.tlog\cl.items.tlog
c:\users\gabri\onedrive\escritorio\proyecto edd arboles\miguelgabrieledd\estudiantesunimarmg\estudiantesunimarmg\x64\debug\estudian.4802871b.tlog\cl.read.1.tlog
c:\users\gabri\onedrive\escritorio\proyecto edd arboles\miguelgabrieledd\estudiantesunimarmg\estudiantesunimarmg\x64\debug\estudian.4802871b.tlog\cl.write.1.tlog
c:\users\gabri\onedrive\escritorio\proyecto edd arboles\miguelgabrieledd\estudiantesunimarmg\estudiantesunimarmg\x64\debug\estudian.4802871b.tlog\link.command.1.tlog
c:\users\gabri\onedrive\escritorio\proyecto edd arboles\miguelgabrieledd\estudiantesunimarmg\estudiantesunimarmg\x64\debug\estudian.4802871b.tlog\link.read.1.tlog
c:\users\gabri\onedrive\escritorio\proyecto edd arboles\miguelgabrieledd\estudiantesunimarmg\estudiantesunimarmg\x64\debug\estudian.4802871b.tlog\link.secondary.1.tlog
c:\users\gabri\onedrive\escritorio\proyecto edd arboles\miguelgabrieledd\estudiantesunimarmg\estudiantesunimarmg\x64\debug\estudian.4802871b.tlog\link.write.1.tlog
